ncvlog(64): 15.20-s079: (c) Copyright 1995-2019 Cadence Design Systems, Inc.
TOOL:	ncvlog(64)	15.20-s079: Started on Nov 19, 2023 at 23:22:19 PST
ncvlog
    -64BIT
    -STATUS
    -UPDATE
    -incdir ./include
    -MESSAGES
    -incdir /usr/local/synopsys/Design_Compiler/K-2015.06-SP5-5/dw/sim_ver
    -work work
    ./tb/tb_cmp_basic_check.v

file: ./tb/tb_cmp_basic_check.v
	module work.cardinal_cmp
		errors: 0, warnings: 0
	module work.cardinal_cpu
		errors: 0, warnings: 0
	module work.channel_buffer
		errors: 0, warnings: 0
	module work.input_control
		errors: 0, warnings: 0
	module work.mesh_archi
		errors: 0, warnings: 0
	module work.mesh_router
		errors: 0, warnings: 0
	module work.nic_mesh
		errors: 0, warnings: 0
	module work.output_arbiter
		errors: 0, warnings: 0
	module work.register_file
		errors: 0, warnings: 0
	module work.priority_decider
		errors: 0, warnings: 0
	module work.request_generator
		errors: 0, warnings: 0
	module work.swapbits
		errors: 0, warnings: 0
	module work.DW01_addsub
		errors: 0, warnings: 0
	module work.DW02_mult
		errors: 0, warnings: 0
	module work.DW_div
		errors: 0, warnings: 0
	module work.DW_sqrt
		errors: 0, warnings: 0
	module work.DW_shifter
		errors: 0, warnings: 0
	module work.alu
		errors: 0, warnings: 0
	module work.dmem
		errors: 0, warnings: 0
	module work.imem
		errors: 0, warnings: 0
	module work.AND2X1
		errors: 0, warnings: 0
	module work.AND2X2
		errors: 0, warnings: 0
	module work.AOI21X1
		errors: 0, warnings: 0
	module work.AOI22X1
		errors: 0, warnings: 0
	module work.BUFX2
		errors: 0, warnings: 0
	module work.BUFX4
		errors: 0, warnings: 0
	module work.CLKBUF1
		errors: 0, warnings: 0
	module work.CLKBUF2
		errors: 0, warnings: 0
	module work.CLKBUF3
		errors: 0, warnings: 0
	module work.DFFNEGX1
		errors: 0, warnings: 0
	module work.DFFPOSX1
		errors: 0, warnings: 0
	module work.DFFSR
		errors: 0, warnings: 0
	module work.FAX1
		errors: 0, warnings: 0
	module work.HAX1
		errors: 0, warnings: 0
	module work.INVX1
		errors: 0, warnings: 0
	module work.INVX2
		errors: 0, warnings: 0
	module work.INVX4
		errors: 0, warnings: 0
	module work.INVX8
		errors: 0, warnings: 0
	module work.LATCH
		errors: 0, warnings: 0
	module work.MUX2X1
		errors: 0, warnings: 0
	module work.NAND2X1
		errors: 0, warnings: 0
	module work.NAND3X1
		errors: 0, warnings: 0
	module work.NOR2X1
		errors: 0, warnings: 0
	module work.NOR3X1
		errors: 0, warnings: 0
	module work.OAI21X1
		errors: 0, warnings: 0
	module work.OAI22X1
		errors: 0, warnings: 0
	module work.OR2X1
		errors: 0, warnings: 0
	module work.OR2X2
		errors: 0, warnings: 0
	module work.TBUFX1
		errors: 0, warnings: 0
	module work.TBUFX2
		errors: 0, warnings: 0
	module work.XNOR2X1
		errors: 0, warnings: 0
	module work.XOR2X1
		errors: 0, warnings: 0
	primitive work.udp_dff
		errors: 0, warnings: 0
	primitive work.udp_tlat
		errors: 0, warnings: 0
	primitive work.udp_rslat
		errors: 0, warnings: 0
	primitive work.udp_mux2
		errors: 0, warnings: 0
	module work.tb_cmp_basic_check
		errors: 0, warnings: 0
ncvlog: Memory Usage - 21.4M program + 29.2M data = 50.5M total
ncvlog: CPU Usage - 0.0s system + 0.0s user = 0.1s total (0.1s, 85.3% cpu)
TOOL:	ncvlog(64)	15.20-s079: Exiting on Nov 19, 2023 at 23:22:19 PST  (total: 00:00:00)
